<?xml version="1.0" encoding="UTF-8"?>
<!-- Generated by org.testng.reporters.JUnitXMLReporter -->
<testsuite ignored="1" hostname="LAPTOP-3VRRLTE0" failures="0" tests="9" name="Test1" time="3.209" errors="0" timestamp="2024-02-26T16:43:38 IST">
  <testcase classname="Axistestng.Test.NewTest" name="testcase1" time="0.01"/>
  <testcase classname="Axistestng.Test.Invokechrome" name="f" time="3.13"/>
  <testcase classname="Axistestng.Test.PriorityTest" name="testcase3" time="0.0"/>
  <testcase classname="Axistestng.Test.PriorityTest" name="testcase2" time="0.004"/>
  <testcase classname="Axistestng.Test.PriorityTest" name="testcase5" time="0.001"/>
  <testcase classname="Axistestng.Test.PriorityTest" name="testcase4" time="0.0"/>
  <testcase classname="Axistestng.Test.groupingeg" name="AddToCart" time="0.002"/>
  <testcase classname="Axistestng.Test.groupingeg" name="Login" time="0.002"/>
  <testcase classname="Axistestng.Test.groupingeg" name="Products" time="0.001"/>
  <testcase classname="Axistestng.Test.PriorityTest" name="testcase1" time="0.0">
    <ignored/>
  </testcase> <!-- testcase1 -->
</testsuite> <!-- Test1 -->
